[2022-11-11 14:14:11,833] INFO Shutting down the log cleaner. (kafka.log.LogCleaner)
[2022-11-11 14:14:11,835] INFO [kafka-log-cleaner-thread-0]: Shutting down (kafka.log.LogCleaner)
[2022-11-11 14:14:11,835] INFO [kafka-log-cleaner-thread-0]: Shutdown completed (kafka.log.LogCleaner)
[2022-11-11 14:14:11,837] INFO [kafka-log-cleaner-thread-0]: Stopped (kafka.log.LogCleaner)
[2022-11-11 17:24:23,204] INFO Starting the log cleaner (kafka.log.LogCleaner)
[2022-11-11 17:24:23,272] INFO [kafka-log-cleaner-thread-0]: Starting (kafka.log.LogCleaner)
[2022-11-11 19:55:10,268] INFO Starting the log cleaner (kafka.log.LogCleaner)
[2022-11-11 19:55:10,336] INFO [kafka-log-cleaner-thread-0]: Starting (kafka.log.LogCleaner)
[2022-11-11 19:55:15,639] INFO Shutting down the log cleaner. (kafka.log.LogCleaner)
[2022-11-11 19:55:15,639] INFO [kafka-log-cleaner-thread-0]: Shutting down (kafka.log.LogCleaner)
[2022-11-11 19:55:15,640] INFO [kafka-log-cleaner-thread-0]: Stopped (kafka.log.LogCleaner)
[2022-11-11 19:55:15,640] INFO [kafka-log-cleaner-thread-0]: Shutdown completed (kafka.log.LogCleaner)
[2022-11-11 19:55:28,378] INFO Starting the log cleaner (kafka.log.LogCleaner)
[2022-11-11 19:55:28,447] INFO [kafka-log-cleaner-thread-0]: Starting (kafka.log.LogCleaner)
[2022-11-12 00:43:11,635] INFO Shutting down the log cleaner. (kafka.log.LogCleaner)
[2022-11-12 00:43:11,637] INFO [kafka-log-cleaner-thread-0]: Shutting down (kafka.log.LogCleaner)
[2022-11-12 00:43:11,637] INFO [kafka-log-cleaner-thread-0]: Stopped (kafka.log.LogCleaner)
[2022-11-12 00:43:11,637] INFO [kafka-log-cleaner-thread-0]: Shutdown completed (kafka.log.LogCleaner)
[2022-11-12 14:48:01,009] INFO Starting the log cleaner (kafka.log.LogCleaner)
[2022-11-12 14:48:01,090] INFO [kafka-log-cleaner-thread-0]: Starting (kafka.log.LogCleaner)
[2022-11-12 14:48:06,393] INFO Shutting down the log cleaner. (kafka.log.LogCleaner)
[2022-11-12 14:48:06,393] INFO [kafka-log-cleaner-thread-0]: Shutting down (kafka.log.LogCleaner)
[2022-11-12 14:48:06,394] INFO [kafka-log-cleaner-thread-0]: Stopped (kafka.log.LogCleaner)
[2022-11-12 14:48:06,394] INFO [kafka-log-cleaner-thread-0]: Shutdown completed (kafka.log.LogCleaner)
[2022-11-12 14:48:34,451] INFO Starting the log cleaner (kafka.log.LogCleaner)
[2022-11-12 14:48:34,521] INFO [kafka-log-cleaner-thread-0]: Starting (kafka.log.LogCleaner)
[2022-11-13 13:27:56,104] INFO Starting the log cleaner (kafka.log.LogCleaner)
[2022-11-13 13:27:56,178] INFO [kafka-log-cleaner-thread-0]: Starting (kafka.log.LogCleaner)
[2022-11-13 17:40:19,289] INFO Starting the log cleaner (kafka.log.LogCleaner)
[2022-11-13 17:40:19,370] INFO [kafka-log-cleaner-thread-0]: Starting (kafka.log.LogCleaner)
[2022-11-13 17:48:33,141] INFO Shutting down the log cleaner. (kafka.log.LogCleaner)
[2022-11-13 17:48:33,141] INFO [kafka-log-cleaner-thread-0]: Shutting down (kafka.log.LogCleaner)
[2022-11-13 17:48:33,142] INFO [kafka-log-cleaner-thread-0]: Stopped (kafka.log.LogCleaner)
[2022-11-13 17:48:33,142] INFO [kafka-log-cleaner-thread-0]: Shutdown completed (kafka.log.LogCleaner)
[2022-11-13 17:49:52,682] INFO Starting the log cleaner (kafka.log.LogCleaner)
[2022-11-13 17:49:52,762] INFO [kafka-log-cleaner-thread-0]: Starting (kafka.log.LogCleaner)
[2022-11-13 17:52:36,087] INFO Starting the log cleaner (kafka.log.LogCleaner)
[2022-11-13 17:52:36,154] INFO [kafka-log-cleaner-thread-0]: Starting (kafka.log.LogCleaner)
